# JRE version: Java(TM) SE Runtime Environment (17.0.1+12) (build 17.0.1+12-LTS-39)
# Java VM: Java HotSpot(TM) 64-Bit Server VM (17.0.1+12-LTS-39, mixed mode, emulated-client, sharing, tiered, compressed oops, compressed class ptrs, g1 gc, windows-amd64)
GC Precious Log:
 CPUs: 4 total, 4 available
 Memory: 7975M
 Large Page Support: Disabled
 NUMA Support: Disabled
 Compressed Oops: Enabled (32-bit)
 Heap Region Size: 1M
 Heap Min Capacity: 8M
 Heap Initial Capacity: 126M
 Heap Max Capacity: 1994M
 Pre-touch: Disabled
 Parallel Workers: 4
 Concurrent Workers: 1
 Concurrent Refinement Workers: 4
 Periodic GC: Disabled
Heap:
 garbage-first heap   total 95232K, used 40180K [0x0000000083600000, 0x0000000100000000)
  region size 1024K, 4 young (4096K), 4 survivors (4096K)
 Metaspace       used 71826K, committed 72448K, reserved 1114112K
  class space    used 10671K, committed 10944K, reserved 1048576K
GC Heap History (20 events):
Event: 3.485 GC heap after
{Heap after GC invocations=14 (full 0):
 garbage-first heap   total 61440K, used 21426K [0x0000000083600000, 0x0000000100000000)
  region size 1024K, 3 young (3072K), 3 survivors (3072K)
 Metaspace       used 29965K, committed 30464K, reserved 1081344K
  class space    used 4185K, committed 4416K, reserved 1048576K
}
Event: 3.487 GC heap before
{Heap before GC invocations=14 (full 0):
 garbage-first heap   total 61440K, used 48050K [0x0000000083600000, 0x0000000100000000)
  region size 1024K, 30 young (30720K), 3 survivors (3072K)
 Metaspace       used 29965K, committed 30464K, reserved 1081344K
  class space    used 4185K, committed 4416K, reserved 1048576K
}
Event: 3.490 GC heap after
{Heap after GC invocations=15 (full 0):
 garbage-first heap   total 172032K, used 21422K [0x0000000083600000, 0x0000000100000000)
  region size 1024K, 3 young (3072K), 3 survivors (3072K)
 Metaspace       used 29965K, committed 30464K, reserved 1081344K
  class space    used 4185K, committed 4416K, reserved 1048576K
}
Event: 4.245 GC heap before
{Heap before GC invocations=15 (full 0):
 garbage-first heap   total 172032K, used 97198K [0x0000000083600000, 0x0000000100000000)
  region size 1024K, 79 young (80896K), 3 survivors (3072K)
 Metaspace       used 35705K, committed 36160K, reserved 1081344K
  class space    used 5016K, committed 5248K, reserved 1048576K
}
Event: 4.251 GC heap after
{Heap after GC invocations=16 (full 0):
 garbage-first heap   total 172032K, used 23216K [0x0000000083600000, 0x0000000100000000)
  region size 1024K, 4 young (4096K), 4 survivors (4096K)
 Metaspace       used 35705K, committed 36160K, reserved 1081344K
  class space    used 5016K, committed 5248K, reserved 1048576K
}
Event: 5.402 GC heap before
{Heap before GC invocations=17 (full 0):
 garbage-first heap   total 86016K, used 70320K [0x0000000083600000, 0x0000000100000000)
  region size 1024K, 50 young (51200K), 4 survivors (4096K)
 Metaspace       used 45999K, committed 46464K, reserved 1089536K
  class space    used 6499K, committed 6720K, reserved 1048576K
}
Event: 5.411 GC heap after
{Heap after GC invocations=18 (full 0):
 garbage-first heap   total 86016K, used 25794K [0x0000000083600000, 0x0000000100000000)
  region size 1024K, 5 young (5120K), 5 survivors (5120K)
 Metaspace       used 45999K, committed 46464K, reserved 1089536K
  class space    used 6499K, committed 6720K, reserved 1048576K
}
Event: 6.156 GC heap before
{Heap before GC invocations=18 (full 0):
 garbage-first heap   total 86016K, used 67778K [0x0000000083600000, 0x0000000100000000)
  region size 1024K, 47 young (48128K), 5 survivors (5120K)
 Metaspace       used 53767K, committed 54272K, reserved 1097728K
  class space    used 7761K, committed 8000K, reserved 1048576K
}
Event: 6.161 GC heap after
{Heap after GC invocations=19 (full 0):
 garbage-first heap   total 86016K, used 27805K [0x0000000083600000, 0x0000000100000000)
  region size 1024K, 5 young (5120K), 5 survivors (5120K)
 Metaspace       used 53767K, committed 54272K, reserved 1097728K
  class space    used 7761K, committed 8000K, reserved 1048576K
}
Event: 7.140 GC heap before
{Heap before GC invocations=19 (full 0):
 garbage-first heap   total 86016K, used 60573K [0x0000000083600000, 0x0000000100000000)
  region size 1024K, 38 young (38912K), 5 survivors (5120K)
 Metaspace       used 60206K, committed 60800K, reserved 1105920K
  class space    used 8661K, committed 8960K, reserved 1048576K
}
Event: 7.146 GC heap after
{Heap after GC invocations=20 (full 0):
 garbage-first heap   total 86016K, used 30227K [0x0000000083600000, 0x0000000100000000)
  region size 1024K, 5 young (5120K), 5 survivors (5120K)
 Metaspace       used 60206K, committed 60800K, reserved 1105920K
  class space    used 8661K, committed 8960K, reserved 1048576K
}
Event: 7.546 GC heap before
{Heap before GC invocations=21 (full 0):
 garbage-first heap   total 86016K, used 68115K [0x0000000083600000, 0x0000000100000000)
  region size 1024K, 42 young (43008K), 5 survivors (5120K)
 Metaspace       used 62537K, committed 63168K, reserved 1105920K
  class space    used 9219K, committed 9536K, reserved 1048576K
}
Event: 7.554 GC heap after
{Heap after GC invocations=22 (full 0):
 garbage-first heap   total 86016K, used 32386K [0x0000000083600000, 0x0000000100000000)
  region size 1024K, 5 young (5120K), 5 survivors (5120K)
 Metaspace       used 62537K, committed 63168K, reserved 1105920K
  class space    used 9219K, committed 9536K, reserved 1048576K
}
Event: 7.682 GC heap before
{Heap before GC invocations=23 (full 0):
 garbage-first heap   total 86016K, used 67202K [0x0000000083600000, 0x0000000100000000)
  region size 1024K, 40 young (40960K), 5 survivors (5120K)
 Metaspace       used 64310K, committed 64896K, reserved 1105920K
  class space    used 9598K, committed 9920K, reserved 1048576K
}
Event: 7.687 GC heap after
{Heap after GC invocations=24 (full 0):
 garbage-first heap   total 86016K, used 34100K [0x0000000083600000, 0x0000000100000000)
  region size 1024K, 4 young (4096K), 4 survivors (4096K)
 Metaspace       used 64310K, committed 64896K, reserved 1105920K
  class space    used 9598K, committed 9920K, reserved 1048576K
}
Event: 7.791 GC heap before
{Heap before GC invocations=24 (full 0):
 garbage-first heap   total 86016K, used 68916K [0x0000000083600000, 0x0000000100000000)
  region size 1024K, 38 young (38912K), 4 survivors (4096K)
 Metaspace       used 65779K, committed 66432K, reserved 1105920K
  class space    used 9825K, committed 10112K, reserved 1048576K
}
Event: 7.794 GC heap after
{Heap after GC invocations=25 (full 0):
 garbage-first heap   total 86016K, used 34715K [0x0000000083600000, 0x0000000100000000)
  region size 1024K, 3 young (3072K), 3 survivors (3072K)
 Metaspace       used 65779K, committed 66432K, reserved 1105920K
  class space    used 9825K, committed 10112K, reserved 1048576K
}
Event: 8.104 GC heap before
{Heap before GC invocations=25 (full 0):
 garbage-first heap   total 86016K, used 69531K [0x0000000083600000, 0x0000000100000000)
  region size 1024K, 37 young (37888K), 3 survivors (3072K)
 Metaspace       used 68248K, committed 68800K, reserved 1114112K
  class space    used 10153K, committed 10432K, reserved 1048576K
}
Event: 8.109 GC heap after
{Heap after GC invocations=26 (full 0):
 garbage-first heap   total 86016K, used 37244K [0x0000000083600000, 0x0000000100000000)
  region size 1024K, 5 young (5120K), 5 survivors (5120K)
 Metaspace       used 68248K, committed 68800K, reserved 1114112K
  class space    used 10153K, committed 10432K, reserved 1048576K
}
Event: 8.626 GC heap before
{Heap before GC invocations=26 (full 0):
 garbage-first heap   total 86016K, used 68988K [0x0000000083600000, 0x0000000100000000)
  region size 1024K, 36 young (36864K), 5 survivors (5120K)
 Metaspace       used 71826K, committed 72448K, reserved 1114112K
  class space    used 10671K, committed 10944K, reserved 1048576K
}

